--------------------------------------------------------------------------------
Release 14.7 Trace  (nt64)
Copyright (c) 1995-2013 Xilinx, Inc.  All rights reserved.

C:\Xilinx\14.7\ISE_DS\ISE\bin\nt64\unwrapped\trce.exe -intstyle ise -o
mojo_top_0.twr -v 30 -l 30 mojo_top_0_routed.ncd mojo_top_0.pcf

Design file:              mojo_top_0_routed.ncd
Physical constraint file: mojo_top_0.pcf
Device,package,speed:     xc6slx9,tqg144,C,-2 (PRODUCTION 1.23 2013-10-13)
Report level:             verbose report, limited to 30 items per constraint

Environment Variable      Effect 
--------------------      ------ 
NONE                      No environment variables were set
--------------------------------------------------------------------------------

INFO:Timing:2698 - No timing constraints found, doing default enumeration.
INFO:Timing:3412 - To improve timing, see the Timing Closure User Guide (UG612).
INFO:Timing:2752 - To get complete path coverage, use the unconstrained paths 
   option. All paths that are not constrained will be reported in the 
   unconstrained paths section(s) of the report.
INFO:Timing:3339 - The clock-to-out numbers in this timing report are based on 
   a 50 Ohm transmission line loading model.  For the details of this model, 
   and for more information on accounting for different loading conditions, 
   please see the device datasheet.



Data Sheet report:
-----------------
All values displayed in nanoseconds (ns)

Pad to Pad
---------------+---------------+---------+
Source Pad     |Destination Pad|  Delay  |
---------------+---------------+---------+
io_dip[0]      |io_led[0]      |   11.634|
io_dip[0]      |io_led[1]      |   12.677|
io_dip[0]      |io_led[2]      |   13.225|
io_dip[0]      |io_led[3]      |   12.757|
io_dip[0]      |io_led[4]      |   12.790|
io_dip[0]      |io_led[5]      |   13.226|
io_dip[0]      |io_led[6]      |   13.092|
io_dip[0]      |io_led[7]      |   12.459|
io_dip[0]      |io_led[16]     |   12.697|
io_dip[0]      |io_led[17]     |   13.076|
io_dip[0]      |io_led[18]     |   13.587|
io_dip[1]      |io_led[0]      |   11.868|
io_dip[1]      |io_led[1]      |   12.618|
io_dip[1]      |io_led[2]      |   12.813|
io_dip[1]      |io_led[3]      |   12.201|
io_dip[1]      |io_led[4]      |   12.007|
io_dip[1]      |io_led[5]      |   12.814|
io_dip[1]      |io_led[6]      |   12.680|
io_dip[1]      |io_led[7]      |   11.903|
io_dip[1]      |io_led[16]     |   12.357|
io_dip[1]      |io_led[17]     |   12.736|
io_dip[1]      |io_led[18]     |   13.143|
io_dip[2]      |io_led[0]      |   10.931|
io_dip[2]      |io_led[1]      |   11.623|
io_dip[2]      |io_led[2]      |   12.940|
io_dip[2]      |io_led[3]      |   12.718|
io_dip[2]      |io_led[4]      |   12.418|
io_dip[2]      |io_led[5]      |   12.651|
io_dip[2]      |io_led[6]      |   12.807|
io_dip[2]      |io_led[7]      |   12.420|
io_dip[2]      |io_led[16]     |   12.714|
io_dip[2]      |io_led[17]     |   13.093|
io_dip[2]      |io_led[18]     |   13.501|
io_dip[3]      |io_led[0]      |   11.204|
io_dip[3]      |io_led[1]      |   11.954|
io_dip[3]      |io_led[2]      |   11.767|
io_dip[3]      |io_led[3]      |   12.415|
io_dip[3]      |io_led[4]      |   11.626|
io_dip[3]      |io_led[5]      |   12.972|
io_dip[3]      |io_led[6]      |   12.189|
io_dip[3]      |io_led[7]      |   12.015|
io_dip[3]      |io_led[16]     |   12.877|
io_dip[3]      |io_led[17]     |   13.256|
io_dip[3]      |io_led[18]     |   13.537|
io_dip[4]      |io_led[0]      |   11.260|
io_dip[4]      |io_led[1]      |   11.937|
io_dip[4]      |io_led[2]      |   12.548|
io_dip[4]      |io_led[3]      |   13.071|
io_dip[4]      |io_led[4]      |   12.248|
io_dip[4]      |io_led[5]      |   12.387|
io_dip[4]      |io_led[6]      |   12.910|
io_dip[4]      |io_led[7]      |   12.398|
io_dip[4]      |io_led[16]     |   12.706|
io_dip[4]      |io_led[17]     |   13.085|
io_dip[4]      |io_led[18]     |   13.366|
io_dip[5]      |io_led[0]      |   11.057|
io_dip[5]      |io_led[1]      |   11.815|
io_dip[5]      |io_led[2]      |   12.634|
io_dip[5]      |io_led[3]      |   13.295|
io_dip[5]      |io_led[4]      |   11.925|
io_dip[5]      |io_led[5]      |   13.344|
io_dip[5]      |io_led[6]      |   13.024|
io_dip[5]      |io_led[7]      |   12.562|
io_dip[5]      |io_led[16]     |   12.829|
io_dip[5]      |io_led[17]     |   13.208|
io_dip[5]      |io_led[18]     |   13.489|
io_dip[6]      |io_led[0]      |   11.621|
io_dip[6]      |io_led[1]      |   11.927|
io_dip[6]      |io_led[2]      |   12.983|
io_dip[6]      |io_led[3]      |   13.805|
io_dip[6]      |io_led[4]      |   12.489|
io_dip[6]      |io_led[5]      |   12.963|
io_dip[6]      |io_led[6]      |   13.421|
io_dip[6]      |io_led[7]      |   13.070|
io_dip[6]      |io_led[16]     |   12.826|
io_dip[6]      |io_led[17]     |   13.205|
io_dip[6]      |io_led[18]     |   13.486|
io_dip[7]      |io_led[0]      |   11.327|
io_dip[7]      |io_led[1]      |   12.130|
io_dip[7]      |io_led[2]      |   12.664|
io_dip[7]      |io_led[3]      |   12.685|
io_dip[7]      |io_led[4]      |   12.195|
io_dip[7]      |io_led[5]      |   12.475|
io_dip[7]      |io_led[6]      |   12.537|
io_dip[7]      |io_led[7]      |   12.939|
io_dip[7]      |io_led[16]     |   12.431|
io_dip[7]      |io_led[17]     |   12.810|
io_dip[7]      |io_led[18]     |   13.091|
io_dip[8]      |io_led[0]      |   11.237|
io_dip[8]      |io_led[1]      |   12.570|
io_dip[8]      |io_led[2]      |   13.118|
io_dip[8]      |io_led[3]      |   13.621|
io_dip[8]      |io_led[4]      |   12.278|
io_dip[8]      |io_led[5]      |   13.119|
io_dip[8]      |io_led[6]      |   13.457|
io_dip[8]      |io_led[7]      |   13.100|
io_dip[8]      |io_led[16]     |   13.131|
io_dip[8]      |io_led[17]     |   13.510|
io_dip[8]      |io_led[18]     |   14.044|
io_dip[9]      |io_led[0]      |   11.842|
io_dip[9]      |io_led[1]      |   12.592|
io_dip[9]      |io_led[2]      |   12.759|
io_dip[9]      |io_led[3]      |   12.739|
io_dip[9]      |io_led[4]      |   12.229|
io_dip[9]      |io_led[5]      |   13.187|
io_dip[9]      |io_led[6]      |   12.709|
io_dip[9]      |io_led[7]      |   12.441|
io_dip[9]      |io_led[16]     |   12.822|
io_dip[9]      |io_led[17]     |   13.201|
io_dip[9]      |io_led[18]     |   13.630|
io_dip[10]     |io_led[0]      |   10.368|
io_dip[10]     |io_led[1]      |   10.254|
io_dip[10]     |io_led[2]      |   11.946|
io_dip[10]     |io_led[3]      |   11.711|
io_dip[10]     |io_led[4]      |   11.658|
io_dip[10]     |io_led[5]      |   11.842|
io_dip[10]     |io_led[6]      |   12.718|
io_dip[10]     |io_led[7]      |   11.675|
io_dip[10]     |io_led[16]     |   12.937|
io_dip[10]     |io_led[17]     |   13.316|
io_dip[10]     |io_led[18]     |   13.724|
io_dip[11]     |io_led[16]     |   12.818|
io_dip[11]     |io_led[17]     |   13.197|
io_dip[11]     |io_led[18]     |   13.478|
io_dip[12]     |io_led[16]     |   12.627|
io_dip[12]     |io_led[17]     |   13.006|
io_dip[12]     |io_led[18]     |   13.287|
io_dip[13]     |io_led[16]     |   12.068|
io_dip[13]     |io_led[17]     |   12.447|
io_dip[13]     |io_led[18]     |   12.728|
io_dip[14]     |io_led[16]     |   12.392|
io_dip[14]     |io_led[17]     |   12.771|
io_dip[14]     |io_led[18]     |   13.052|
io_dip[15]     |io_led[16]     |   12.249|
io_dip[15]     |io_led[17]     |   12.628|
io_dip[15]     |io_led[18]     |   12.909|
io_dip[16]     |io_led[0]      |   12.287|
io_dip[16]     |io_led[1]      |   13.486|
io_dip[16]     |io_led[2]      |   11.866|
io_dip[16]     |io_led[3]      |   13.267|
io_dip[16]     |io_led[4]      |   13.151|
io_dip[16]     |io_led[5]      |   12.667|
io_dip[16]     |io_led[6]      |   13.727|
io_dip[16]     |io_led[7]      |   12.621|
io_dip[16]     |io_led[16]     |   15.573|
io_dip[16]     |io_led[17]     |   15.952|
io_dip[16]     |io_led[18]     |   16.361|
io_dip[17]     |io_led[0]      |   11.737|
io_dip[17]     |io_led[1]      |   13.123|
io_dip[17]     |io_led[2]      |   12.505|
io_dip[17]     |io_led[3]      |   12.594|
io_dip[17]     |io_led[4]      |   13.474|
io_dip[17]     |io_led[5]      |   12.741|
io_dip[17]     |io_led[6]      |   13.382|
io_dip[17]     |io_led[7]      |   12.971|
---------------+---------------+---------+


Analysis completed Tue Oct 18 11:16:25 2016 
--------------------------------------------------------------------------------

Trace Settings:
-------------------------
Trace Settings 

Peak Memory Usage: 220 MB



