
*** Running xst
    with args -ifn "mojo_top_0.xst" -ofn "mojo_top_0.srp" -intstyle ise

Reading design: mojo_top_0.prj

=========================================================================
*                          HDL Parsing                                  *
=========================================================================
Analyzing Verilog file "C:/Users/Chua/Documents/mojo/8bitALU/work/planAhead/8bitALU/8bitALU.srcs/sources_1/imports/verilog/shifter_5.v" into library work
Parsing module <shifter_5>.
Analyzing Verilog file "C:/Users/Chua/Documents/mojo/8bitALU/work/planAhead/8bitALU/8bitALU.srcs/sources_1/imports/verilog/reset_conditioner_1.v" into library work
Parsing module <reset_conditioner_1>.
Analyzing Verilog file "C:/Users/Chua/Documents/mojo/8bitALU/work/planAhead/8bitALU/8bitALU.srcs/sources_1/imports/verilog/mojo adder_2.v" into library work
Parsing module <mojo_adder_2>.
Analyzing Verilog file "C:/Users/Chua/Documents/mojo/8bitALU/work/planAhead/8bitALU/8bitALU.srcs/sources_1/imports/verilog/cmp8_3.v" into library work
Parsing module <cmp8_3>.
Analyzing Verilog file "C:/Users/Chua/Documents/mojo/8bitALU/work/planAhead/8bitALU/8bitALU.srcs/sources_1/imports/verilog/boolean_4.v" into library work
Parsing module <boolean_4>.
Analyzing Verilog file "C:/Users/Chua/Documents/mojo/8bitALU/work/planAhead/8bitALU/8bitALU.srcs/sources_1/imports/verilog/mojo_top_0.v" into library work
Parsing module <mojo_top_0>.

=========================================================================
*                            HDL Elaboration                            *
=========================================================================

Elaborating module <mojo_top_0>.

Elaborating module <reset_conditioner_1>.

Elaborating module <mojo_adder_2>.

Elaborating module <cmp8_3>.

Elaborating module <boolean_4>.

Elaborating module <shifter_5>.
WARNING:HDLCompiler:1127 - "C:/Users/Chua/Documents/mojo/8bitALU/work/planAhead/8bitALU/8bitALU.srcs/sources_1/imports/verilog/mojo_top_0.v" Line 99: Assignment to rst ignored, since the identifier is never used
WARNING:Xst:2972 - "C:/Users/Chua/Documents/mojo/8bitALU/work/planAhead/8bitALU/8bitALU.srcs/sources_1/imports/verilog/mojo_top_0.v" line 41. All outputs of instance <reset_cond> of block <reset_conditioner_1> are unconnected in block <mojo_top_0>. Underlying logic will be removed.

=========================================================================
*                           HDL Synthesis                               *
=========================================================================

Synthesizing Unit <mojo_top_0>.
    Related source file is "C:/Users/Chua/Documents/mojo/8bitALU/work/planAhead/8bitALU/8bitALU.srcs/sources_1/imports/verilog/mojo_top_0.v".
WARNING:Xst:647 - Input <io_button> is never used. This port will be preserved and left unconnected if it belongs to a top-level block or it belongs to a sub-block and the hierarchy of this sub-block is preserved.
WARNING:Xst:647 - Input <io_dip<23:22>> is never used. This port will be preserved and left unconnected if it belongs to a top-level block or it belongs to a sub-block and the hierarchy of this sub-block is preserved.
WARNING:Xst:647 - Input <cclk> is never used. This port will be preserved and left unconnected if it belongs to a top-level block or it belongs to a sub-block and the hierarchy of this sub-block is preserved.
WARNING:Xst:647 - Input <spi_ss> is never used. This port will be preserved and left unconnected if it belongs to a top-level block or it belongs to a sub-block and the hierarchy of this sub-block is preserved.
WARNING:Xst:647 - Input <spi_mosi> is never used. This port will be preserved and left unconnected if it belongs to a top-level block or it belongs to a sub-block and the hierarchy of this sub-block is preserved.
WARNING:Xst:647 - Input <spi_sck> is never used. This port will be preserved and left unconnected if it belongs to a top-level block or it belongs to a sub-block and the hierarchy of this sub-block is preserved.
WARNING:Xst:647 - Input <avr_tx> is never used. This port will be preserved and left unconnected if it belongs to a top-level block or it belongs to a sub-block and the hierarchy of this sub-block is preserved.
WARNING:Xst:647 - Input <avr_rx_busy> is never used. This port will be preserved and left unconnected if it belongs to a top-level block or it belongs to a sub-block and the hierarchy of this sub-block is preserved.
INFO:Xst:3210 - "C:/Users/Chua/Documents/mojo/8bitALU/work/planAhead/8bitALU/8bitALU.srcs/sources_1/imports/verilog/mojo_top_0.v" line 41: Output port <out> of the instance <reset_cond> is unconnected or connected to loadless signal.
    Found 8-bit 4-to-1 multiplexer for signal <io_led<7:0>> created at line 126.
    Found 1-bit tristate buffer for signal <spi_miso> created at line 99
    Found 1-bit tristate buffer for signal <spi_channel<3>> created at line 99
    Found 1-bit tristate buffer for signal <spi_channel<2>> created at line 99
    Found 1-bit tristate buffer for signal <spi_channel<1>> created at line 99
    Found 1-bit tristate buffer for signal <spi_channel<0>> created at line 99
    Found 1-bit tristate buffer for signal <avr_rx> created at line 99
    Summary:
	inferred   1 Multiplexer(s).
	inferred   6 Tristate(s).
Unit <mojo_top_0> synthesized.

Synthesizing Unit <mojo_adder_2>.
    Related source file is "C:/Users/Chua/Documents/mojo/8bitALU/work/planAhead/8bitALU/8bitALU.srcs/sources_1/imports/verilog/mojo adder_2.v".
    Found 8-bit subtractor for signal <a[7]_b[7]_sub_1_OUT> created at line 25.
    Found 8-bit adder for signal <a[7]_b[7]_add_1_OUT> created at line 28.
    Summary:
	inferred   1 Adder/Subtractor(s).
Unit <mojo_adder_2> synthesized.

Synthesizing Unit <cmp8_3>.
    Related source file is "C:/Users/Chua/Documents/mojo/8bitALU/work/planAhead/8bitALU/8bitALU.srcs/sources_1/imports/verilog/cmp8_3.v".
WARNING:Xst:647 - Input <alufn<0:0>> is never used. This port will be preserved and left unconnected if it belongs to a top-level block or it belongs to a sub-block and the hierarchy of this sub-block is preserved.
WARNING:Xst:647 - Input <alufn<7:3>> is never used. This port will be preserved and left unconnected if it belongs to a top-level block or it belongs to a sub-block and the hierarchy of this sub-block is preserved.
    Found 8-bit 4-to-1 multiplexer for signal <out> created at line 20.
    Summary:
	inferred   1 Multiplexer(s).
Unit <cmp8_3> synthesized.

Synthesizing Unit <boolean_4>.
    Related source file is "C:/Users/Chua/Documents/mojo/8bitALU/work/planAhead/8bitALU/8bitALU.srcs/sources_1/imports/verilog/boolean_4.v".
    Summary:
	inferred  24 Multiplexer(s).
Unit <boolean_4> synthesized.

Synthesizing Unit <shifter_5>.
    Related source file is "C:/Users/Chua/Documents/mojo/8bitALU/work/planAhead/8bitALU/8bitALU.srcs/sources_1/imports/verilog/shifter_5.v".
    Found 8-bit shifter logical left for signal <a[7]_b[2]_shift_left_0_OUT> created at line 20
    Found 8-bit shifter logical right for signal <a[7]_b[2]_shift_right_1_OUT> created at line 23
    Found 8-bit shifter arithmetic right for signal <a[7]_b[2]_shift_right_2_OUT> created at line 26
    Found 8-bit 4-to-1 multiplexer for signal <shift> created at line 18.
    Summary:
	inferred   1 Multiplexer(s).
	inferred   3 Combinational logic shifter(s).
Unit <shifter_5> synthesized.

=========================================================================
HDL Synthesis Report

Macro Statistics
# Adders/Subtractors                                   : 1
 8-bit addsub                                          : 1
# Multiplexers                                         : 27
 1-bit 2-to-1 multiplexer                              : 24
 8-bit 4-to-1 multiplexer                              : 3
# Logic shifters                                       : 3
 8-bit shifter arithmetic right                        : 1
 8-bit shifter logical left                            : 1
 8-bit shifter logical right                           : 1
# Tristates                                            : 6
 1-bit tristate buffer                                 : 6
# Xors                                                 : 2
 1-bit xor2                                            : 2

=========================================================================

=========================================================================
*                       Advanced HDL Synthesis                          *
=========================================================================


=========================================================================
Advanced HDL Synthesis Report

Macro Statistics
# Adders/Subtractors                                   : 1
 8-bit addsub                                          : 1
# Multiplexers                                         : 27
 1-bit 2-to-1 multiplexer                              : 24
 8-bit 4-to-1 multiplexer                              : 3
# Logic shifters                                       : 3
 8-bit shifter arithmetic right                        : 1
 8-bit shifter logical left                            : 1
 8-bit shifter logical right                           : 1
# Xors                                                 : 2
 1-bit xor2                                            : 2

=========================================================================

=========================================================================
*                         Low Level Synthesis                           *
=========================================================================

Optimizing unit <mojo_top_0> ...

Mapping all equations...
Building and optimizing final netlist ...
Found area constraint ratio of 100 (+ 0) on block mojo_top_0, actual ratio is 1.

Final Macro Processing ...

=========================================================================
Final Register Report

Found no macro
=========================================================================

=========================================================================
*                           Partition Report                            *
=========================================================================

Partition Implementation Status
-------------------------------

  No Partitions were found in this design.

-------------------------------

=========================================================================
*                            Design Summary                             *
=========================================================================

Clock Information:
------------------
No clock signals found in this design

Asynchronous Control Signals Information:
----------------------------------------
No asynchronous control signals found in this design

Timing Summary:
---------------
Speed Grade: -2

   Minimum period: No path found
   Minimum input arrival time before clock: No path found
   Maximum output required time after clock: No path found
   Maximum combinational path delay: 11.749ns

=========================================================================
